Arguments: 
  C:\Program Files\nodejs\node.exe C:\Program Files (x86)\Yarn\bin\yarn.js add less less-loader

PATH: 
  C:\Program Files\Git\mingw64\bin;C:\Program Files\Git\usr\bin;C:\Users\jason\bin;C:\Python27;C:\Python27\Scripts;C:\Program Files (x86)\Intel\iCLS Client;C:\Program Files\Intel\iCLS Client;C:\WINDOWS\system32;C:\WINDOWS;C:\WINDOWS\System32\Wbem;C:\WINDOWS\System32\WindowsPowerShell\v1.0;C:\Program Files (x86)\Intel\Intel(R) Management Engine Components\DAL;C:\Program Files\Intel\Intel(R) Management Engine Components\DAL;C:\Program Files (x86)\Intel\Intel(R) Management Engine Components\IPT;C:\Program Files\Intel\Intel(R) Management Engine Components\IPT;C:\WINDOWS\System32\OpenSSH;C:\Program Files\Intel\WiFi\bin;C:\Program Files\Common Files\Intel\WirelessCommon;C:\Program Files\nodejs;C:\ProgramData\chocolatey\bin;C:\Program Files\Git\cmd;C:\Program Files (x86)\Yarn\bin;C:\Users\jason\AppData\Local\Microsoft\WindowsApps;C:\Users\jason\AppData\Local\Programs\Microsoft VS Code\bin;C:\Users\jason\AppData\Roaming\npm;C:\Users\jason\AppData\Local\hyper\app-3.0.2\resources\bin;C:\Users\jason\AppData\Local\Yarn\bin

Yarn version: 
  1.16.0

Node version: 
  12.4.0

Platform: 
  win32 x64

Trace: 
  Error: EPERM: operation not permitted, unlink 'C:\Users\jason\Documents\GitHub\Web21\Auth\Auth-Challenge-I\node_modules\sqlite3\lib\binding\node-v72-win32-x64\node_sqlite3.node'

npm manifest: 
  {
    "name": "auth-challenge-i",
    "version": "1.0.0",
    "description": "- Authentication.\r - Express Middleware.\r - Password Hashing.\r - Sessions\r - Cookies",
    "main": "index.js",
    "scripts": {
      "server": "nodemon index.js",
      "test": "echo \"Error: no test specified\" && exit 1"
    },
    "repository": {
      "type": "git",
      "url": "git+https://github.com/EndersGame1977/Auth-Challenge-I.git"
    },
    "author": "",
    "license": "ISC",
    "bugs": {
      "url": "https://github.com/EndersGame1977/Auth-Challenge-I/issues"
    },
    "homepage": "https://github.com/EndersGame1977/Auth-Challenge-I#readme",
    "dependencies": {
      "antd": "^3.23.3",
      "bcryptjs": "^2.4.3",
      "connect-session-knex": "^1.4.0",
      "cors": "^2.8.5",
      "express": "^4.17.1",
      "express-session": "^1.16.2",
      "helmet": "^3.21.0",
      "knex": "^0.19.4",
      "sqlite3": "^4.1.0"
    },
    "devDependencies": {
      "nodemon": "^1.19.2"
    }
  }

yarn manifest: 
  No manifest

Lockfile: 
  No lockfile
